<?xml version="1.0" encoding="UTF-8"?>
<testng-results ignored="0" total="2" passed="2" failed="0" skipped="0">
  <reporter-output>
  </reporter-output>
  <suite started-at="2022-06-24T14:59:14 ICT" name="Default suite" finished-at="2022-06-24T15:00:24 ICT" duration-ms="69165">
    <groups>
      <group name="cucumber">
        <method signature="AbstractTestNGCucumberTests.runScenario(io.cucumber.testng.PickleWrapper,io.cucumber.testng.FeatureWrapper)[pri:0, instance:com.nexsoft.onelist.runner.CucumberRunnerOneList@305ffe9e]" name="runScenario" class="io.cucumber.testng.AbstractTestNGCucumberTests"/>
      </group> <!-- cucumber -->
    </groups>
    <test started-at="2022-06-24T14:59:14 ICT" name="Default test" finished-at="2022-06-24T15:00:24 ICT" duration-ms="69165">
      <class name="com.nexsoft.onelist.runner.CucumberRunnerOneList">
        <test-method is-config="true" signature="setUpClass(org.testng.ITestContext)[pri:0, instance:com.nexsoft.onelist.runner.CucumberRunnerOneList@305ffe9e]" started-at="2022-06-24T14:59:14 ICT" name="setUpClass" finished-at="2022-06-24T14:59:15 ICT" duration-ms="301" status="PASS">
          <params>
            <param index="0">
              <value>
                <![CDATA[org.testng.TestRunner@36c2d629]]>
              </value>
            </param>
          </params>
          <reporter-output>
          </reporter-output>
        </test-method> <!-- setUpClass -->
        <test-method signature="runScenario(io.cucumber.testng.PickleWrapper,io.cucumber.testng.FeatureWrapper)[pri:0, instance:com.nexsoft.onelist.runner.CucumberRunnerOneList@305ffe9e]" started-at="2022-06-24T14:59:15 ICT" name="runScenario" description="Runs Cucumber Scenarios" data-provider="scenarios" finished-at="2022-06-24T14:59:48 ICT" duration-ms="33723" status="PASS">
          <params>
            <param index="0">
              <value>
                <![CDATA["Add activity based on title list"]]>
              </value>
            </param>
            <param index="1">
              <value>
                <![CDATA["Add New List"]]>
              </value>
            </param>
          </params>
          <reporter-output>
          </reporter-output>
        </test-method> <!-- runScenario -->
        <test-method signature="runScenario(io.cucumber.testng.PickleWrapper,io.cucumber.testng.FeatureWrapper)[pri:0, instance:com.nexsoft.onelist.runner.CucumberRunnerOneList@305ffe9e]" started-at="2022-06-24T14:59:48 ICT" name="runScenario" description="Runs Cucumber Scenarios" data-provider="scenarios" finished-at="2022-06-24T15:00:24 ICT" duration-ms="35022" status="PASS">
          <params>
            <param index="0">
              <value>
                <![CDATA["Add activity with number"]]>
              </value>
            </param>
            <param index="1">
              <value>
                <![CDATA["Add New List"]]>
              </value>
            </param>
          </params>
          <reporter-output>
          </reporter-output>
        </test-method> <!-- runScenario -->
        <test-method is-config="true" signature="tearDownClass()[pri:0, instance:com.nexsoft.onelist.runner.CucumberRunnerOneList@305ffe9e]" started-at="2022-06-24T15:00:24 ICT" name="tearDownClass" finished-at="2022-06-24T15:00:24 ICT" duration-ms="31" status="PASS">
          <reporter-output>
          </reporter-output>
        </test-method> <!-- tearDownClass -->
      </class> <!-- com.nexsoft.onelist.runner.CucumberRunnerOneList -->
    </test> <!-- Default test -->
  </suite> <!-- Default suite -->
</testng-results>
